android/app/build/intermediates/manifest_merge_blame_file/debug/processDebugMainManifest/manifest-merger-blame-debug-report.txt
1<?xml version="1.0" encoding="utf-8"?>
2<manifest xmlns:android="http://schemas.android.com/apk/res/android"
3    package="com.wzh.suyuan"
4    android:versionCode="1"
5    android:versionName="0.1.0" >
6
7    <uses-sdk
8        android:minSdkVersion="21"
9        android:targetSdkVersion="34" />
10
11    <uses-permission android:name="android.permission.INTERNET" />
11-->src\main\AndroidManifest.xml:4:5-67
11-->src\main\AndroidManifest.xml:4:22-64
12    <uses-permission android:name="android.permission.ACCESS_NETWORK_STATE" />
12-->src\main\AndroidManifest.xml:5:5-79
12-->src\main\AndroidManifest.xml:5:22-76
13    <uses-permission android:name="android.permission.CAMERA" />
13-->src\main\AndroidManifest.xml:6:5-65
13-->src\main\AndroidManifest.xml:6:22-62
14
15    <uses-feature
15-->src\main\AndroidManifest.xml:7:5-85
16        android:name="android.hardware.camera"
16-->src\main\AndroidManifest.xml:7:19-57
17        android:required="false" />
17-->src\main\AndroidManifest.xml:7:58-82
18
19    <permission
19-->[androidx.core:core:1.13.1] AndroidManifest.xml:22:5-24:47
20        android:name="com.wzh.suyuan.DYNAMIC_RECEIVER_NOT_EXPORTED_PERMISSION"
20-->[androidx.core:core:1.13.1] AndroidManifest.xml:23:9-81
21        android:protectionLevel="signature" />
21-->[androidx.core:core:1.13.1] AndroidManifest.xml:24:9-44
22
23    <uses-permission android:name="com.wzh.suyuan.DYNAMIC_RECEIVER_NOT_EXPORTED_PERMISSION" />
23-->[androidx.core:core:1.13.1] AndroidManifest.xml:26:5-97
23-->[androidx.core:core:1.13.1] AndroidManifest.xml:26:22-94
24
25    <uses-feature
25-->[com.journeyapps:zxing-android-embedded:4.3.0] AndroidManifest.xml:28:5-30:36
26        android:name="android.hardware.camera.front"
26-->[com.journeyapps:zxing-android-embedded:4.3.0] AndroidManifest.xml:29:9-53
27        android:required="false" /> <!-- TODO replace above two with next line after Android 4.2 -->
27-->[com.journeyapps:zxing-android-embedded:4.3.0] AndroidManifest.xml:30:9-33
28    <!-- <uses-feature android:name="android.hardware.camera.any"/> -->
29    <uses-feature
29-->[com.journeyapps:zxing-android-embedded:4.3.0] AndroidManifest.xml:33:5-35:36
30        android:name="android.hardware.camera.autofocus"
30-->[com.journeyapps:zxing-android-embedded:4.3.0] AndroidManifest.xml:34:9-57
31        android:required="false" />
31-->[com.journeyapps:zxing-android-embedded:4.3.0] AndroidManifest.xml:35:9-33
32    <uses-feature
32-->[com.journeyapps:zxing-android-embedded:4.3.0] AndroidManifest.xml:36:5-38:36
33        android:name="android.hardware.camera.flash"
33-->[com.journeyapps:zxing-android-embedded:4.3.0] AndroidManifest.xml:37:9-53
34        android:required="false" />
34-->[com.journeyapps:zxing-android-embedded:4.3.0] AndroidManifest.xml:38:9-33
35    <uses-feature
35-->[com.journeyapps:zxing-android-embedded:4.3.0] AndroidManifest.xml:39:5-41:36
36        android:name="android.hardware.screen.landscape"
36-->[com.journeyapps:zxing-android-embedded:4.3.0] AndroidManifest.xml:40:9-57
37        android:required="false" />
37-->[com.journeyapps:zxing-android-embedded:4.3.0] AndroidManifest.xml:41:9-33
38    <uses-feature
38-->[com.journeyapps:zxing-android-embedded:4.3.0] AndroidManifest.xml:42:5-44:36
39        android:name="android.hardware.wifi"
39-->[com.journeyapps:zxing-android-embedded:4.3.0] AndroidManifest.xml:43:9-45
40        android:required="false" />
40-->[com.journeyapps:zxing-android-embedded:4.3.0] AndroidManifest.xml:44:9-33
41
42    <application
42-->src\main\AndroidManifest.xml:9:5-71:19
43        android:name="com.wzh.suyuan.App"
43-->src\main\AndroidManifest.xml:10:9-28
44        android:allowBackup="true"
44-->src\main\AndroidManifest.xml:11:9-35
45        android:appComponentFactory="androidx.core.app.CoreComponentFactory"
45-->[androidx.core:core:1.13.1] AndroidManifest.xml:28:18-86
46        android:debuggable="true"
47        android:extractNativeLibs="true"
48        android:icon="@drawable/ic_launcher"
48-->src\main\AndroidManifest.xml:12:9-45
49        android:label="@string/app_name"
49-->src\main\AndroidManifest.xml:13:9-41
50        android:supportsRtl="true"
50-->src\main\AndroidManifest.xml:14:9-35
51        android:theme="@style/Theme.Suyuan"
51-->src\main\AndroidManifest.xml:15:9-44
52        android:usesCleartextTraffic="true" >
52-->src\main\AndroidManifest.xml:16:9-44
53        <activity
53-->src\main\AndroidManifest.xml:19:9-26:20
54            android:name="com.wzh.suyuan.feature.main.MainActivity"
54-->src\main\AndroidManifest.xml:20:13-54
55            android:exported="true" >
55-->src\main\AndroidManifest.xml:21:13-36
56            <intent-filter>
56-->src\main\AndroidManifest.xml:22:13-25:29
57                <action android:name="android.intent.action.MAIN" />
57-->src\main\AndroidManifest.xml:23:17-69
57-->src\main\AndroidManifest.xml:23:25-66
58
59                <category android:name="android.intent.category.LAUNCHER" />
59-->src\main\AndroidManifest.xml:24:17-77
59-->src\main\AndroidManifest.xml:24:27-74
60            </intent-filter>
61        </activity>
62        <activity
62-->src\main\AndroidManifest.xml:28:9-30:40
63            android:name="com.wzh.suyuan.feature.auth.AuthActivity"
63-->src\main\AndroidManifest.xml:29:13-54
64            android:exported="false" />
64-->src\main\AndroidManifest.xml:30:13-37
65        <activity
65-->src\main\AndroidManifest.xml:32:9-34:40
66            android:name="com.wzh.suyuan.feature.product.ProductDetailActivity"
66-->src\main\AndroidManifest.xml:33:13-66
67            android:exported="false" />
67-->src\main\AndroidManifest.xml:34:13-37
68        <activity
68-->src\main\AndroidManifest.xml:36:9-38:40
69            android:name="com.wzh.suyuan.feature.address.AddressListActivity"
69-->src\main\AndroidManifest.xml:37:13-64
70            android:exported="false" />
70-->src\main\AndroidManifest.xml:38:13-37
71        <activity
71-->src\main\AndroidManifest.xml:40:9-42:40
72            android:name="com.wzh.suyuan.feature.address.AddressEditActivity"
72-->src\main\AndroidManifest.xml:41:13-64
73            android:exported="false" />
73-->src\main\AndroidManifest.xml:42:13-37
74        <activity
74-->src\main\AndroidManifest.xml:44:9-46:40
75            android:name="com.wzh.suyuan.feature.order.OrderConfirmActivity"
75-->src\main\AndroidManifest.xml:45:13-63
76            android:exported="false" />
76-->src\main\AndroidManifest.xml:46:13-37
77        <activity
77-->src\main\AndroidManifest.xml:48:9-50:40
78            android:name="com.wzh.suyuan.feature.order.OrderPayActivity"
78-->src\main\AndroidManifest.xml:49:13-59
79            android:exported="false" />
79-->src\main\AndroidManifest.xml:50:13-37
80        <activity
80-->src\main\AndroidManifest.xml:52:9-54:40
81            android:name="com.wzh.suyuan.feature.order.OrderListActivity"
81-->src\main\AndroidManifest.xml:53:13-60
82            android:exported="false" />
82-->src\main\AndroidManifest.xml:54:13-37
83        <activity
83-->src\main\AndroidManifest.xml:56:9-58:40
84            android:name="com.wzh.suyuan.feature.order.OrderDetailActivity"
84-->src\main\AndroidManifest.xml:57:13-62
85            android:exported="false" />
85-->src\main\AndroidManifest.xml:58:13-37
86        <activity
86-->src\main\AndroidManifest.xml:60:9-62:40
87            android:name="com.wzh.suyuan.feature.trace.TraceScanActivity"
87-->src\main\AndroidManifest.xml:61:13-60
88            android:exported="false" />
88-->src\main\AndroidManifest.xml:62:13-37
89        <activity
89-->src\main\AndroidManifest.xml:64:9-66:40
90            android:name="com.wzh.suyuan.feature.trace.TraceDetailActivity"
90-->src\main\AndroidManifest.xml:65:13-62
91            android:exported="false" />
91-->src\main\AndroidManifest.xml:66:13-37
92        <activity
92-->src\main\AndroidManifest.xml:68:9-70:40
93            android:name="com.wzh.suyuan.feature.trace.TraceRecordActivity"
93-->src\main\AndroidManifest.xml:69:13-62
94            android:exported="false" />
94-->src\main\AndroidManifest.xml:70:13-37
95
96        <provider
96-->[androidx.emoji2:emoji2:1.2.0] AndroidManifest.xml:24:9-32:20
97            android:name="androidx.startup.InitializationProvider"
97-->[androidx.emoji2:emoji2:1.2.0] AndroidManifest.xml:25:13-67
98            android:authorities="com.wzh.suyuan.androidx-startup"
98-->[androidx.emoji2:emoji2:1.2.0] AndroidManifest.xml:26:13-68
99            android:exported="false" >
99-->[androidx.emoji2:emoji2:1.2.0] AndroidManifest.xml:27:13-37
100            <meta-data
100-->[androidx.emoji2:emoji2:1.2.0] AndroidManifest.xml:29:13-31:52
101                android:name="androidx.emoji2.text.EmojiCompatInitializer"
101-->[androidx.emoji2:emoji2:1.2.0] AndroidManifest.xml:30:17-75
102                android:value="androidx.startup" />
102-->[androidx.emoji2:emoji2:1.2.0] AndroidManifest.xml:31:17-49
103            <meta-data
103-->[androidx.lifecycle:lifecycle-process:2.6.2] AndroidManifest.xml:29:13-31:52
104                android:name="androidx.lifecycle.ProcessLifecycleInitializer"
104-->[androidx.lifecycle:lifecycle-process:2.6.2] AndroidManifest.xml:30:17-78
105                android:value="androidx.startup" />
105-->[androidx.lifecycle:lifecycle-process:2.6.2] AndroidManifest.xml:31:17-49
106            <meta-data
106-->[androidx.profileinstaller:profileinstaller:1.3.0] AndroidManifest.xml:29:13-31:52
107                android:name="androidx.profileinstaller.ProfileInstallerInitializer"
107-->[androidx.profileinstaller:profileinstaller:1.3.0] AndroidManifest.xml:30:17-85
108                android:value="androidx.startup" />
108-->[androidx.profileinstaller:profileinstaller:1.3.0] AndroidManifest.xml:31:17-49
109        </provider>
110
111        <service
111-->[androidx.room:room-runtime:2.6.1] AndroidManifest.xml:24:9-28:63
112            android:name="androidx.room.MultiInstanceInvalidationService"
112-->[androidx.room:room-runtime:2.6.1] AndroidManifest.xml:25:13-74
113            android:directBootAware="true"
113-->[androidx.room:room-runtime:2.6.1] AndroidManifest.xml:26:13-43
114            android:exported="false" />
114-->[androidx.room:room-runtime:2.6.1] AndroidManifest.xml:27:13-37
115
116        <activity
116-->[com.journeyapps:zxing-android-embedded:4.3.0] AndroidManifest.xml:47:9-53:63
117            android:name="com.journeyapps.barcodescanner.CaptureActivity"
117-->[com.journeyapps:zxing-android-embedded:4.3.0] AndroidManifest.xml:48:13-74
118            android:clearTaskOnLaunch="true"
118-->[com.journeyapps:zxing-android-embedded:4.3.0] AndroidManifest.xml:49:13-45
119            android:screenOrientation="sensorLandscape"
119-->[com.journeyapps:zxing-android-embedded:4.3.0] AndroidManifest.xml:50:13-56
120            android:stateNotNeeded="true"
120-->[com.journeyapps:zxing-android-embedded:4.3.0] AndroidManifest.xml:51:13-42
121            android:theme="@style/zxing_CaptureTheme"
121-->[com.journeyapps:zxing-android-embedded:4.3.0] AndroidManifest.xml:52:13-54
122            android:windowSoftInputMode="stateAlwaysHidden" />
122-->[com.journeyapps:zxing-android-embedded:4.3.0] AndroidManifest.xml:53:13-60
123
124        <receiver
124-->[androidx.profileinstaller:profileinstaller:1.3.0] AndroidManifest.xml:34:9-52:20
125            android:name="androidx.profileinstaller.ProfileInstallReceiver"
125-->[androidx.profileinstaller:profileinstaller:1.3.0] AndroidManifest.xml:35:13-76
126            android:directBootAware="false"
126-->[androidx.profileinstaller:profileinstaller:1.3.0] AndroidManifest.xml:36:13-44
127            android:enabled="true"
127-->[androidx.profileinstaller:profileinstaller:1.3.0] AndroidManifest.xml:37:13-35
128            android:exported="true"
128-->[androidx.profileinstaller:profileinstaller:1.3.0] AndroidManifest.xml:38:13-36
129            android:permission="android.permission.DUMP" >
129-->[androidx.profileinstaller:profileinstaller:1.3.0] AndroidManifest.xml:39:13-57
130            <intent-filter>
130-->[androidx.profileinstaller:profileinstaller:1.3.0] AndroidManifest.xml:40:13-42:29
131                <action android:name="androidx.profileinstaller.action.INSTALL_PROFILE" />
131-->[androidx.profileinstaller:profileinstaller:1.3.0] AndroidManifest.xml:41:17-91
131-->[androidx.profileinstaller:profileinstaller:1.3.0] AndroidManifest.xml:41:25-88
132            </intent-filter>
133            <intent-filter>
133-->[androidx.profileinstaller:profileinstaller:1.3.0] AndroidManifest.xml:43:13-45:29
134                <action android:name="androidx.profileinstaller.action.SKIP_FILE" />
134-->[androidx.profileinstaller:profileinstaller:1.3.0] AndroidManifest.xml:44:17-85
134-->[androidx.profileinstaller:profileinstaller:1.3.0] AndroidManifest.xml:44:25-82
135            </intent-filter>
136            <intent-filter>
136-->[androidx.profileinstaller:profileinstaller:1.3.0] AndroidManifest.xml:46:13-48:29
137                <action android:name="androidx.profileinstaller.action.SAVE_PROFILE" />
137-->[androidx.profileinstaller:profileinstaller:1.3.0] AndroidManifest.xml:47:17-88
137-->[androidx.profileinstaller:profileinstaller:1.3.0] AndroidManifest.xml:47:25-85
138            </intent-filter>
139            <intent-filter>
139-->[androidx.profileinstaller:profileinstaller:1.3.0] AndroidManifest.xml:49:13-51:29
140                <action android:name="androidx.profileinstaller.action.BENCHMARK_OPERATION" />
140-->[androidx.profileinstaller:profileinstaller:1.3.0] AndroidManifest.xml:50:17-95
140-->[androidx.profileinstaller:profileinstaller:1.3.0] AndroidManifest.xml:50:25-92
141            </intent-filter>
142        </receiver>
143    </application>
144
145</manifest>